{
  "stats": {
    "suites": 1,
    "tests": 10,
    "passes": 10,
    "pending": 0,
    "failures": 0,
    "start": "2026-02-23T22:25:11.513Z",
    "end": "2026-02-23T22:27:08.291Z",
    "duration": 116778,
    "testsRegistered": 10,
    "passPercent": 100,
    "pendingPercent": 0,
    "other": 0,
    "hasOther": false,
    "skipped": 0,
    "hasSkipped": false
  },
  "results": [
    {
      "uuid": "33a12759-6ca1-423d-9158-fa5fd98a407e",
      "title": "",
      "fullFile": "cypress\\e2e\\automationExercise\\alterTestCases.cy.js",
      "file": "cypress\\e2e\\automationExercise\\alterTestCases.cy.js",
      "beforeHooks": [],
      "afterHooks": [],
      "tests": [],
      "suites": [
        {
          "uuid": "7e19847c-c893-4bdb-a029-af9646eba3bb",
          "title": "Suite Test Case of Automation Exercises",
          "fullFile": "",
          "file": "",
          "beforeHooks": [],
          "afterHooks": [],
          "tests": [
            {
              "title": "Test Case 1: Register User",
              "fullTitle": "Suite Test Case of Automation Exercises Test Case 1: Register User",
              "timedOut": null,
              "duration": 22344,
              "state": "passed",
              "speed": "slow",
              "pass": true,
              "fail": false,
              "pending": false,
              "context": null,
              "code": "_register.default.fillForm();\n_register.default.DeleteAccountCreated();",
              "err": {},
              "uuid": "cb522a6f-5f4f-453f-8093-0a7133b2e522",
              "parentUUID": "7e19847c-c893-4bdb-a029-af9646eba3bb",
              "isHook": false,
              "skipped": false
            },
            {
              "title": "Test Case 2: Login User with correct email and password",
              "fullTitle": "Suite Test Case of Automation Exercises Test Case 2: Login User with correct email and password",
              "timedOut": null,
              "duration": 8058,
              "state": "passed",
              "speed": "medium",
              "pass": true,
              "fail": false,
              "pending": false,
              "context": null,
              "code": "_buttons.default.ClickSignup();\n_users.default.CorrectUser();",
              "err": {},
              "uuid": "7bd4642d-4ff9-435c-ad0a-5e50f97770e5",
              "parentUUID": "7e19847c-c893-4bdb-a029-af9646eba3bb",
              "isHook": false,
              "skipped": false
            },
            {
              "title": "Test Case 3: Login User with incorrect email and password",
              "fullTitle": "Suite Test Case of Automation Exercises Test Case 3: Login User with incorrect email and password",
              "timedOut": null,
              "duration": 6626,
              "state": "passed",
              "speed": "medium",
              "pass": true,
              "fail": false,
              "pending": false,
              "context": null,
              "code": "_buttons.default.ClickSignup();\n_users.default.IncorretUser();",
              "err": {},
              "uuid": "8a90bb7c-b8b6-4fab-adc3-b7bf05f99c0a",
              "parentUUID": "7e19847c-c893-4bdb-a029-af9646eba3bb",
              "isHook": false,
              "skipped": false
            },
            {
              "title": "Test Case 4: Logout User",
              "fullTitle": "Suite Test Case of Automation Exercises Test Case 4: Logout User",
              "timedOut": null,
              "duration": 10194,
              "state": "passed",
              "speed": "slow",
              "pass": true,
              "fail": false,
              "pending": false,
              "context": null,
              "code": "_buttons.default.ClickSignup();\n_users.default.CorrectUser();\n_buttons.default.ClickLogout();",
              "err": {},
              "uuid": "92acd86b-277b-48b0-8bd3-d5cce470c21e",
              "parentUUID": "7e19847c-c893-4bdb-a029-af9646eba3bb",
              "isHook": false,
              "skipped": false
            },
            {
              "title": "Test Case 5: Register User with existing email",
              "fullTitle": "Suite Test Case of Automation Exercises Test Case 5: Register User with existing email",
              "timedOut": null,
              "duration": 5752,
              "state": "passed",
              "speed": "medium",
              "pass": true,
              "fail": false,
              "pending": false,
              "context": null,
              "code": "_buttons.default.ClickSignup();\n_users.default.SignupExistUser();",
              "err": {},
              "uuid": "95b39129-8133-49ef-8bf7-654af7c3c49d",
              "parentUUID": "7e19847c-c893-4bdb-a029-af9646eba3bb",
              "isHook": false,
              "skipped": false
            },
            {
              "title": "Test Case 6: Contact Us Form",
              "fullTitle": "Suite Test Case of Automation Exercises Test Case 6: Contact Us Form",
              "timedOut": null,
              "duration": 13605,
              "state": "passed",
              "speed": "slow",
              "pass": true,
              "fail": false,
              "pending": false,
              "context": null,
              "code": "_buttons.default.ContactUs();\n_contactus.default.contactFillForm();",
              "err": {},
              "uuid": "be06a0b8-3212-4e58-b5e7-adb373f2f2a6",
              "parentUUID": "7e19847c-c893-4bdb-a029-af9646eba3bb",
              "isHook": false,
              "skipped": false
            },
            {
              "title": "Test Case 8: Verify All Products and product detail page",
              "fullTitle": "Suite Test Case of Automation Exercises Test Case 8: Verify All Products and product detail page",
              "timedOut": null,
              "duration": 6196,
              "state": "passed",
              "speed": "medium",
              "pass": true,
              "fail": false,
              "pending": false,
              "context": null,
              "code": "_buttons.default.ClickProducts();\n_findall.default.FindAll();",
              "err": {},
              "uuid": "f0ed1d10-2339-4199-a7e2-5e2566950952",
              "parentUUID": "7e19847c-c893-4bdb-a029-af9646eba3bb",
              "isHook": false,
              "skipped": false
            },
            {
              "title": "Test Case 9: Search Product",
              "fullTitle": "Suite Test Case of Automation Exercises Test Case 9: Search Product",
              "timedOut": null,
              "duration": 6293,
              "state": "passed",
              "speed": "medium",
              "pass": true,
              "fail": false,
              "pending": false,
              "context": null,
              "code": "_buttons.default.ClickProducts();\n_search.default.Search();",
              "err": {},
              "uuid": "27275c1c-192a-4610-98c2-54ba1b1b9a4e",
              "parentUUID": "7e19847c-c893-4bdb-a029-af9646eba3bb",
              "isHook": false,
              "skipped": false
            },
            {
              "title": "Test Case 10: Verify Subscription in home page",
              "fullTitle": "Suite Test Case of Automation Exercises Test Case 10: Verify Subscription in home page",
              "timedOut": null,
              "duration": 3354,
              "state": "passed",
              "speed": "fast",
              "pass": true,
              "fail": false,
              "pending": false,
              "context": null,
              "code": "_subcription.default.NewSubscription();",
              "err": {},
              "uuid": "fdad2198-fcd1-426e-96f3-01903a06e40b",
              "parentUUID": "7e19847c-c893-4bdb-a029-af9646eba3bb",
              "isHook": false,
              "skipped": false
            },
            {
              "title": "Test Case 15: Place Order: Register before Checkout",
              "fullTitle": "Suite Test Case of Automation Exercises Test Case 15: Place Order: Register before Checkout",
              "timedOut": null,
              "duration": 33315,
              "state": "passed",
              "speed": "slow",
              "pass": true,
              "fail": false,
              "pending": false,
              "context": null,
              "code": "_register.default.fillForm();\n_addnewitem.default.AddNewItemCart();\n_checkout.default.Checkout();\n_payment.default.MethodPayment();\n_users.default.DeletedAccount();",
              "err": {},
              "uuid": "f495ef9c-c251-40b5-a6fd-dae691650f07",
              "parentUUID": "7e19847c-c893-4bdb-a029-af9646eba3bb",
              "isHook": false,
              "skipped": false
            }
          ],
          "suites": [],
          "passes": [
            "cb522a6f-5f4f-453f-8093-0a7133b2e522",
            "7bd4642d-4ff9-435c-ad0a-5e50f97770e5",
            "8a90bb7c-b8b6-4fab-adc3-b7bf05f99c0a",
            "92acd86b-277b-48b0-8bd3-d5cce470c21e",
            "95b39129-8133-49ef-8bf7-654af7c3c49d",
            "be06a0b8-3212-4e58-b5e7-adb373f2f2a6",
            "f0ed1d10-2339-4199-a7e2-5e2566950952",
            "27275c1c-192a-4610-98c2-54ba1b1b9a4e",
            "fdad2198-fcd1-426e-96f3-01903a06e40b",
            "f495ef9c-c251-40b5-a6fd-dae691650f07"
          ],
          "failures": [],
          "pending": [],
          "skipped": [],
          "duration": 115737,
          "root": false,
          "rootEmpty": false,
          "_timeout": 2000
        }
      ],
      "passes": [],
      "failures": [],
      "pending": [],
      "skipped": [],
      "duration": 0,
      "root": true,
      "rootEmpty": true,
      "_timeout": 2000
    }
  ],
  "meta": {
    "mocha": {
      "version": "7.2.0"
    },
    "mochawesome": {
      "options": {
        "quiet": false,
        "reportFilename": "mochawesome",
        "saveHtml": false,
        "saveJson": true,
        "consoleReporter": "spec",
        "useInlineDiffs": false,
        "code": true
      },
      "version": "7.1.4"
    },
    "marge": {
      "options": {
        "overwrite": false,
        "html": false,
        "json": true,
        "reportDir": "cypress\\reports\\html\\.jsons"
      },
      "version": "6.3.2"
    }
  }
}